================================================================================
HPLinpack 2.3  --  High-Performance Linpack benchmark  --   December 2, 2018
Written by A. Petitet and R. Clint Whaley,  Innovative Computing Laboratory, UTK
Modified by Piotr Luszczek, Innovative Computing Laboratory, UTK
Modified by Julien Langou, University of Colorado Denver
================================================================================

An explanation of the input/output parameters follows:
T/V    : Wall time / encoded variant.
N      : The order of the coefficient matrix A.
NB     : The partitioning blocking factor.
P      : The number of process rows.
Q      : The number of process columns.
Time   : Time in seconds to solve the linear system.
Gflops : Rate of execution for solving the linear system.

The following parameter values will be used:

N      :   52320 
NB     :     160 
PMAP   : Row-major process mapping
P      :       2 
Q      :       4 
PFACT  :   Crout 
NBMIN  :       4        8 
NDIV   :       2 
RFACT  :   Right 
BCAST  :  1ringM   2ringM 
DEPTH  :       0        1 
SWAP   : Mix (threshold = 160)
L1     : transposed form
U      : transposed form
EQUIL  : yes
ALIGN  : 8 double precision words

--------------------------------------------------------------------------------

- The matrix A is randomly generated for each test.
- The following scaled residual check will be computed:
      ||Ax-b||_oo / ( eps * ( || x ||_oo * || A ||_oo + || b ||_oo ) * N )
- The relative machine precision (eps) is taken to be               1.110223e-16
- Computational tests pass if scaled residuals are less than                16.0

================================================================================
T/V                N    NB     P     Q               Time                 Gflops
--------------------------------------------------------------------------------
WR01R2C4       52320   160     2     4            1153.97             8.2744e+01
HPL_pdgesv() start time Tue Sep 15 06:29:05 2020

HPL_pdgesv() end time   Tue Sep 15 06:48:19 2020

--------------------------------------------------------------------------------
||Ax-b||_oo/(eps*(||A||_oo*||x||_oo+||b||_oo)*N)=   3.06155829e-03 ...... PASSED
================================================================================
T/V                N    NB     P     Q               Time                 Gflops
--------------------------------------------------------------------------------
WR01R2C8       52320   160     2     4            1172.59             8.1430e+01
HPL_pdgesv() start time Tue Sep 15 06:49:08 2020

HPL_pdgesv() end time   Tue Sep 15 07:08:40 2020

--------------------------------------------------------------------------------
||Ax-b||_oo/(eps*(||A||_oo*||x||_oo+||b||_oo)*N)=   3.29102055e-03 ...... PASSED
================================================================================
T/V                N    NB     P     Q               Time                 Gflops
--------------------------------------------------------------------------------
WR03R2C4       52320   160     2     4            1153.60             8.2771e+01
HPL_pdgesv() start time Tue Sep 15 07:09:29 2020

HPL_pdgesv() end time   Tue Sep 15 07:28:42 2020

--------------------------------------------------------------------------------
||Ax-b||_oo/(eps*(||A||_oo*||x||_oo+||b||_oo)*N)=   3.06155829e-03 ...... PASSED
================================================================================
T/V                N    NB     P     Q               Time                 Gflops
--------------------------------------------------------------------------------
WR03R2C8       52320   160     2     4            1160.41             8.2285e+01
HPL_pdgesv() start time Tue Sep 15 07:29:31 2020

HPL_pdgesv() end time   Tue Sep 15 07:48:51 2020

--------------------------------------------------------------------------------
||Ax-b||_oo/(eps*(||A||_oo*||x||_oo+||b||_oo)*N)=   3.29102055e-03 ...... PASSED
================================================================================
T/V                N    NB     P     Q               Time                 Gflops
--------------------------------------------------------------------------------
WR11R2C4       52320   160     2     4            1150.85             8.2968e+01
HPL_pdgesv() start time Tue Sep 15 07:49:40 2020

HPL_pdgesv() end time   Tue Sep 15 08:08:50 2020

--------------------------------------------------------------------------------
||Ax-b||_oo/(eps*(||A||_oo*||x||_oo+||b||_oo)*N)=   3.06155829e-03 ...... PASSED
================================================================================
T/V                N    NB     P     Q               Time                 Gflops
--------------------------------------------------------------------------------
WR11R2C8       52320   160     2     4            1159.70             8.2335e+01
HPL_pdgesv() start time Tue Sep 15 08:09:38 2020

HPL_pdgesv() end time   Tue Sep 15 08:28:58 2020

--------------------------------------------------------------------------------
||Ax-b||_oo/(eps*(||A||_oo*||x||_oo+||b||_oo)*N)=   3.29102055e-03 ...... PASSED
