================================================================================
HPLinpack 2.3  --  High-Performance Linpack benchmark  --   December 2, 2018
Written by A. Petitet and R. Clint Whaley,  Innovative Computing Laboratory, UTK
Modified by Piotr Luszczek, Innovative Computing Laboratory, UTK
Modified by Julien Langou, University of Colorado Denver
================================================================================

An explanation of the input/output parameters follows:
T/V    : Wall time / encoded variant.
N      : The order of the coefficient matrix A.
NB     : The partitioning blocking factor.
P      : The number of process rows.
Q      : The number of process columns.
Time   : Time in seconds to solve the linear system.
Gflops : Rate of execution for solving the linear system.

The following parameter values will be used:

N      :   26208 
NB     :      96 
PMAP   : Row-major process mapping
P      :       1        2 
Q      :       8        4 
PFACT  :    Left    Crout    Right 
NBMIN  :       2        4 
NDIV   :       2 
RFACT  :    Left    Crout    Right 
BCAST  :   1ring 
DEPTH  :       0 
SWAP   : Mix (threshold = 64)
L1     : transposed form
U      : transposed form
EQUIL  : yes
ALIGN  : 8 double precision words

--------------------------------------------------------------------------------

- The matrix A is randomly generated for each test.
- The following scaled residual check will be computed:
      ||Ax-b||_oo / ( eps * ( || x ||_oo * || A ||_oo + || b ||_oo ) * N )
- The relative machine precision (eps) is taken to be               1.110223e-16
- Computational tests pass if scaled residuals are less than                16.0

================================================================================
T/V                N    NB     P     Q               Time                 Gflops
--------------------------------------------------------------------------------
WR00L2L2       26208    96     1     8             481.65             2.4918e+01
HPL_pdgesv() start time Sun Jul 19 20:02:08 2020

HPL_pdgesv() end time   Sun Jul 19 20:10:10 2020

--------------------------------------------------------------------------------
||Ax-b||_oo/(eps*(||A||_oo*||x||_oo+||b||_oo)*N)=   2.60832618e-03 ...... PASSED
================================================================================
T/V                N    NB     P     Q               Time                 Gflops
--------------------------------------------------------------------------------
WR00L2L4       26208    96     1     8             478.08             2.5104e+01
HPL_pdgesv() start time Sun Jul 19 20:10:27 2020

HPL_pdgesv() end time   Sun Jul 19 20:18:25 2020

--------------------------------------------------------------------------------
||Ax-b||_oo/(eps*(||A||_oo*||x||_oo+||b||_oo)*N)=   2.51414361e-03 ...... PASSED
================================================================================
T/V                N    NB     P     Q               Time                 Gflops
--------------------------------------------------------------------------------
WR00L2C2       26208    96     1     8             481.50             2.4926e+01
HPL_pdgesv() start time Sun Jul 19 20:18:41 2020

HPL_pdgesv() end time   Sun Jul 19 20:26:43 2020

--------------------------------------------------------------------------------
||Ax-b||_oo/(eps*(||A||_oo*||x||_oo+||b||_oo)*N)=   2.60832618e-03 ...... PASSED
================================================================================
T/V                N    NB     P     Q               Time                 Gflops
--------------------------------------------------------------------------------
WR00L2C4       26208    96     1     8             478.16             2.5100e+01
HPL_pdgesv() start time Sun Jul 19 20:27:00 2020

HPL_pdgesv() end time   Sun Jul 19 20:34:58 2020

--------------------------------------------------------------------------------
||Ax-b||_oo/(eps*(||A||_oo*||x||_oo+||b||_oo)*N)=   2.33764057e-03 ...... PASSED
================================================================================
T/V                N    NB     P     Q               Time                 Gflops
--------------------------------------------------------------------------------
WR00L2R2       26208    96     1     8             481.12             2.4946e+01
HPL_pdgesv() start time Sun Jul 19 20:35:15 2020

HPL_pdgesv() end time   Sun Jul 19 20:43:16 2020

--------------------------------------------------------------------------------
||Ax-b||_oo/(eps*(||A||_oo*||x||_oo+||b||_oo)*N)=   2.60832618e-03 ...... PASSED
================================================================================
T/V                N    NB     P     Q               Time                 Gflops
--------------------------------------------------------------------------------
WR00L2R4       26208    96     1     8             477.88             2.5115e+01
HPL_pdgesv() start time Sun Jul 19 20:43:33 2020

HPL_pdgesv() end time   Sun Jul 19 20:51:30 2020

--------------------------------------------------------------------------------
||Ax-b||_oo/(eps*(||A||_oo*||x||_oo+||b||_oo)*N)=   2.33764057e-03 ...... PASSED
================================================================================
T/V                N    NB     P     Q               Time                 Gflops
--------------------------------------------------------------------------------
WR00C2L2       26208    96     1     8             481.09             2.4947e+01
HPL_pdgesv() start time Sun Jul 19 20:51:47 2020

HPL_pdgesv() end time   Sun Jul 19 20:59:48 2020

--------------------------------------------------------------------------------
||Ax-b||_oo/(eps*(||A||_oo*||x||_oo+||b||_oo)*N)=   2.60832618e-03 ...... PASSED
================================================================================
T/V                N    NB     P     Q               Time                 Gflops
--------------------------------------------------------------------------------
WR00C2L4       26208    96     1     8             477.41             2.5139e+01
HPL_pdgesv() start time Sun Jul 19 21:00:05 2020

HPL_pdgesv() end time   Sun Jul 19 21:08:03 2020

--------------------------------------------------------------------------------
||Ax-b||_oo/(eps*(||A||_oo*||x||_oo+||b||_oo)*N)=   2.51414361e-03 ...... PASSED
================================================================================
T/V                N    NB     P     Q               Time                 Gflops
--------------------------------------------------------------------------------
WR00C2C2       26208    96     1     8             481.20             2.4941e+01
HPL_pdgesv() start time Sun Jul 19 21:08:19 2020

HPL_pdgesv() end time   Sun Jul 19 21:16:21 2020

--------------------------------------------------------------------------------
||Ax-b||_oo/(eps*(||A||_oo*||x||_oo+||b||_oo)*N)=   2.60832618e-03 ...... PASSED
================================================================================
T/V                N    NB     P     Q               Time                 Gflops
--------------------------------------------------------------------------------
WR00C2C4       26208    96     1     8             477.10             2.5156e+01
HPL_pdgesv() start time Sun Jul 19 21:16:37 2020

HPL_pdgesv() end time   Sun Jul 19 21:24:34 2020

--------------------------------------------------------------------------------
||Ax-b||_oo/(eps*(||A||_oo*||x||_oo+||b||_oo)*N)=   2.33764057e-03 ...... PASSED
================================================================================
T/V                N    NB     P     Q               Time                 Gflops
--------------------------------------------------------------------------------
WR00C2R2       26208    96     1     8             487.51             2.4619e+01
HPL_pdgesv() start time Sun Jul 19 21:24:51 2020

HPL_pdgesv() end time   Sun Jul 19 21:32:59 2020

--------------------------------------------------------------------------------
||Ax-b||_oo/(eps*(||A||_oo*||x||_oo+||b||_oo)*N)=   2.60832618e-03 ...... PASSED
================================================================================
T/V                N    NB     P     Q               Time                 Gflops
--------------------------------------------------------------------------------
WR00C2R4       26208    96     1     8             478.38             2.5088e+01
HPL_pdgesv() start time Sun Jul 19 21:33:16 2020

HPL_pdgesv() end time   Sun Jul 19 21:41:14 2020

--------------------------------------------------------------------------------
||Ax-b||_oo/(eps*(||A||_oo*||x||_oo+||b||_oo)*N)=   2.33764057e-03 ...... PASSED
